[2026-02-24 20:12:11] laravel.EMERGENCY: Unable to create configured logger. Using emergency logger. {"exception":"[object] (InvalidArgumentException(code: 0): Log [] is not defined. at C:/Users/Arabin/Desktop/Projects/My Project/task/task1-multi-login-sso/ecommerce-app/vendor/laravel/framework/src/Illuminate/Log/LogManager.php:212)
[stacktrace]
#0 C:/Users/Arabin/Desktop/Projects/My Project/task/task1-multi-login-sso/ecommerce-app/vendor/laravel/framework/src/Illuminate/Log/LogManager.php(137): Illuminate/Log/LogManager->resolve(NULL, NULL)
#1 C:/Users/Arabin/Desktop/Projects/My Project/task/task1-multi-login-sso/ecommerce-app/vendor/laravel/framework/src/Illuminate/Log/LogManager.php(124): Illuminate/Log/LogManager->get(NULL)
#2 C:/Users/Arabin/Desktop/Projects/My Project/task/task1-multi-login-sso/ecommerce-app/vendor/laravel/framework/src/Illuminate/Log/LogManager.php(681): Illuminate/Log/LogManager->driver()
#3 C:/Users/Arabin/Desktop/Projects/My Project/task/task1-multi-login-sso/ecommerce-app/vendor/laravel/framework/src/Illuminate/Foundation/Exceptions/Handler.php(317): Illuminate/Log/LogManager->error('Class \"Str\" not...', Array)
#4 C:/Users/Arabin/Desktop/Projects/My Project/task/task1-multi-login-sso/ecommerce-app/vendor/laravel/framework/src/Illuminate/Foundation/Exceptions/Handler.php(278): Illuminate/Foundation/Exceptions/Handler->reportThrowable(Object(Error))
#5 C:/Users/Arabin/Desktop/Projects/My Project/task/task1-multi-login-sso/ecommerce-app/vendor/laravel/framework/src/Illuminate/Foundation/Console/Kernel.php(523): Illuminate/Foundation/Exceptions/Handler->report(Object(Error))
#6 C:/Users/Arabin/Desktop/Projects/My Project/task/task1-multi-login-sso/ecommerce-app/vendor/laravel/framework/src/Illuminate/Foundation/Console/Kernel.php(203): Illuminate/Foundation/Console/Kernel->reportException(Object(Error))
#7 C:/Users/Arabin/Desktop/Projects/My Project/task/task1-multi-login-sso/ecommerce-app/artisan(24): Illuminate/Foundation/Console/Kernel->handle(Object(Symfony/Component/Console/Input/ArgvInput), Object(Symfony/Component/Console/Output/ConsoleOutput))
#8 {main}
"} 
[2026-02-24 20:12:11] laravel.ERROR: Class "Str" not found {"exception":"[object] (Error(code: 0): Class \"Str\" not found at C:/Users/Arabin/Desktop/Projects/My Project/task/task1-multi-login-sso/ecommerce-app/config/session.php:15)
[stacktrace]
#0 C:/Users/Arabin/Desktop/Projects/My Project/task/task1-multi-login-sso/ecommerce-app/vendor/laravel/framework/src/Illuminate/Foundation/Bootstrap/LoadConfiguration.php(70): require()
#1 C:/Users/Arabin/Desktop/Projects/My Project/task/task1-multi-login-sso/ecommerce-app/vendor/laravel/framework/src/Illuminate/Foundation/Bootstrap/LoadConfiguration.php(39): Illuminate/Foundation/Bootstrap/LoadConfiguration->loadConfigurationFiles(Object(Illuminate/Foundation/Application), Object(Illuminate/Config/Repository))
#2 C:/Users/Arabin/Desktop/Projects/My Project/task/task1-multi-login-sso/ecommerce-app/vendor/laravel/framework/src/Illuminate/Foundation/Application.php(286): Illuminate/Foundation/Bootstrap/LoadConfiguration->bootstrap(Object(Illuminate/Foundation/Application))
#3 C:/Users/Arabin/Desktop/Projects/My Project/task/task1-multi-login-sso/ecommerce-app/vendor/laravel/framework/src/Illuminate/Foundation/Console/Kernel.php(447): Illuminate/Foundation/Application->bootstrapWith(Array)
#4 C:/Users/Arabin/Desktop/Projects/My Project/task/task1-multi-login-sso/ecommerce-app/vendor/laravel/framework/src/Illuminate/Foundation/Console/Kernel.php(199): Illuminate/Foundation/Console/Kernel->bootstrap()
#5 C:/Users/Arabin/Desktop/Projects/My Project/task/task1-multi-login-sso/ecommerce-app/artisan(24): Illuminate/Foundation/Console/Kernel->handle(Object(Symfony/Component/Console/Input/ArgvInput), Object(Symfony/Component/Console/Output/ConsoleOutput))
#6 {main}
"} 
[2026-02-24 20:12:19] laravel.EMERGENCY: Unable to create configured logger. Using emergency logger. {"exception":"[object] (InvalidArgumentException(code: 0): Log [] is not defined. at C:/Users/Arabin/Desktop/Projects/My Project/task/task1-multi-login-sso/ecommerce-app/vendor/laravel/framework/src/Illuminate/Log/LogManager.php:212)
[stacktrace]
#0 C:/Users/Arabin/Desktop/Projects/My Project/task/task1-multi-login-sso/ecommerce-app/vendor/laravel/framework/src/Illuminate/Log/LogManager.php(137): Illuminate/Log/LogManager->resolve(NULL, NULL)
#1 C:/Users/Arabin/Desktop/Projects/My Project/task/task1-multi-login-sso/ecommerce-app/vendor/laravel/framework/src/Illuminate/Log/LogManager.php(124): Illuminate/Log/LogManager->get(NULL)
#2 C:/Users/Arabin/Desktop/Projects/My Project/task/task1-multi-login-sso/ecommerce-app/vendor/laravel/framework/src/Illuminate/Log/LogManager.php(681): Illuminate/Log/LogManager->driver()
#3 C:/Users/Arabin/Desktop/Projects/My Project/task/task1-multi-login-sso/ecommerce-app/vendor/laravel/framework/src/Illuminate/Foundation/Exceptions/Handler.php(317): Illuminate/Log/LogManager->error('Class \"Str\" not...', Array)
#4 C:/Users/Arabin/Desktop/Projects/My Project/task/task1-multi-login-sso/ecommerce-app/vendor/laravel/framework/src/Illuminate/Foundation/Exceptions/Handler.php(278): Illuminate/Foundation/Exceptions/Handler->reportThrowable(Object(Error))
#5 C:/Users/Arabin/Desktop/Projects/My Project/task/task1-multi-login-sso/ecommerce-app/vendor/laravel/framework/src/Illuminate/Foundation/Console/Kernel.php(523): Illuminate/Foundation/Exceptions/Handler->report(Object(Error))
#6 C:/Users/Arabin/Desktop/Projects/My Project/task/task1-multi-login-sso/ecommerce-app/vendor/laravel/framework/src/Illuminate/Foundation/Console/Kernel.php(203): Illuminate/Foundation/Console/Kernel->reportException(Object(Error))
#7 C:/Users/Arabin/Desktop/Projects/My Project/task/task1-multi-login-sso/ecommerce-app/artisan(24): Illuminate/Foundation/Console/Kernel->handle(Object(Symfony/Component/Console/Input/ArgvInput), Object(Symfony/Component/Console/Output/ConsoleOutput))
#8 {main}
"} 
[2026-02-24 20:12:19] laravel.ERROR: Class "Str" not found {"exception":"[object] (Error(code: 0): Class \"Str\" not found at C:/Users/Arabin/Desktop/Projects/My Project/task/task1-multi-login-sso/ecommerce-app/config/session.php:15)
[stacktrace]
#0 C:/Users/Arabin/Desktop/Projects/My Project/task/task1-multi-login-sso/ecommerce-app/vendor/laravel/framework/src/Illuminate/Foundation/Bootstrap/LoadConfiguration.php(70): require()
#1 C:/Users/Arabin/Desktop/Projects/My Project/task/task1-multi-login-sso/ecommerce-app/vendor/laravel/framework/src/Illuminate/Foundation/Bootstrap/LoadConfiguration.php(39): Illuminate/Foundation/Bootstrap/LoadConfiguration->loadConfigurationFiles(Object(Illuminate/Foundation/Application), Object(Illuminate/Config/Repository))
#2 C:/Users/Arabin/Desktop/Projects/My Project/task/task1-multi-login-sso/ecommerce-app/vendor/laravel/framework/src/Illuminate/Foundation/Application.php(286): Illuminate/Foundation/Bootstrap/LoadConfiguration->bootstrap(Object(Illuminate/Foundation/Application))
#3 C:/Users/Arabin/Desktop/Projects/My Project/task/task1-multi-login-sso/ecommerce-app/vendor/laravel/framework/src/Illuminate/Foundation/Console/Kernel.php(447): Illuminate/Foundation/Application->bootstrapWith(Array)
#4 C:/Users/Arabin/Desktop/Projects/My Project/task/task1-multi-login-sso/ecommerce-app/vendor/laravel/framework/src/Illuminate/Foundation/Console/Kernel.php(199): Illuminate/Foundation/Console/Kernel->bootstrap()
#5 C:/Users/Arabin/Desktop/Projects/My Project/task/task1-multi-login-sso/ecommerce-app/artisan(24): Illuminate/Foundation/Console/Kernel->handle(Object(Symfony/Component/Console/Input/ArgvInput), Object(Symfony/Component/Console/Output/ConsoleOutput))
#6 {main}
"} 
[2026-02-24 19:12:56] laravel.EMERGENCY: Unable to create configured logger. Using emergency logger. {"exception":"[object] (InvalidArgumentException(code: 0): Log [] is not defined. at C:/Users/Arabin/Desktop/Projects/My Project/task/task1-multi-login-sso/ecommerce-app/vendor/laravel/framework/src/Illuminate/Log/LogManager.php:212)
[stacktrace]
#0 C:/Users/Arabin/Desktop/Projects/My Project/task/task1-multi-login-sso/ecommerce-app/vendor/laravel/framework/src/Illuminate/Log/LogManager.php(137): Illuminate/Log/LogManager->resolve(NULL, NULL)
#1 C:/Users/Arabin/Desktop/Projects/My Project/task/task1-multi-login-sso/ecommerce-app/vendor/laravel/framework/src/Illuminate/Log/LogManager.php(124): Illuminate/Log/LogManager->get(NULL)
#2 C:/Users/Arabin/Desktop/Projects/My Project/task/task1-multi-login-sso/ecommerce-app/vendor/laravel/framework/src/Illuminate/Log/LogManager.php(681): Illuminate/Log/LogManager->driver()
#3 C:/Users/Arabin/Desktop/Projects/My Project/task/task1-multi-login-sso/ecommerce-app/vendor/laravel/framework/src/Illuminate/Foundation/Exceptions/Handler.php(317): Illuminate/Log/LogManager->error('The C://Users//Ar...', Array)
#4 C:/Users/Arabin/Desktop/Projects/My Project/task/task1-multi-login-sso/ecommerce-app/vendor/laravel/framework/src/Illuminate/Foundation/Exceptions/Handler.php(278): Illuminate/Foundation/Exceptions/Handler->reportThrowable(Object(Exception))
#5 C:/Users/Arabin/Desktop/Projects/My Project/task/task1-multi-login-sso/ecommerce-app/vendor/laravel/framework/src/Illuminate/Foundation/Console/Kernel.php(523): Illuminate/Foundation/Exceptions/Handler->report(Object(Exception))
#6 C:/Users/Arabin/Desktop/Projects/My Project/task/task1-multi-login-sso/ecommerce-app/vendor/laravel/framework/src/Illuminate/Foundation/Console/Kernel.php(203): Illuminate/Foundation/Console/Kernel->reportException(Object(Exception))
#7 C:/Users/Arabin/Desktop/Projects/My Project/task/task1-multi-login-sso/ecommerce-app/artisan(24): Illuminate/Foundation/Console/Kernel->handle(Object(Symfony/Component/Console/Input/ArgvInput), Object(Symfony/Component/Console/Output/ConsoleOutput))
#8 {main}
"} 
[2026-02-24 19:12:56] laravel.ERROR: The C:\Users\Arabin\Desktop\Projects\My Project\task\task1-multi-login-sso\ecommerce-app\bootstrap\cache directory must be present and writable. {"exception":"[object] (Exception(code: 0): The C:\\Users\\Arabin\\Desktop\\Projects\\My Project\\task\\task1-multi-login-sso\\ecommerce-app\\bootstrap\\cache directory must be present and writable. at C:/Users/Arabin/Desktop/Projects/My Project/task/task1-multi-login-sso/ecommerce-app/vendor/laravel/framework/src/Illuminate/Foundation/PackageManifest.php:178)
[stacktrace]
#0 C:/Users/Arabin/Desktop/Projects/My Project/task/task1-multi-login-sso/ecommerce-app/vendor/laravel/framework/src/Illuminate/Foundation/PackageManifest.php(131): Illuminate/Foundation/PackageManifest->write(Array)
#1 C:/Users/Arabin/Desktop/Projects/My Project/task/task1-multi-login-sso/ecommerce-app/vendor/laravel/framework/src/Illuminate/Foundation/PackageManifest.php(107): Illuminate/Foundation/PackageManifest->build()
#2 C:/Users/Arabin/Desktop/Projects/My Project/task/task1-multi-login-sso/ecommerce-app/vendor/laravel/framework/src/Illuminate/Foundation/PackageManifest.php(90): Illuminate/Foundation/PackageManifest->getManifest()
#3 C:/Users/Arabin/Desktop/Projects/My Project/task/task1-multi-login-sso/ecommerce-app/vendor/laravel/framework/src/Illuminate/Foundation/PackageManifest.php(79): Illuminate/Foundation/PackageManifest->config('aliases')
#4 C:/Users/Arabin/Desktop/Projects/My Project/task/task1-multi-login-sso/ecommerce-app/vendor/laravel/framework/src/Illuminate/Foundation/Bootstrap/RegisterFacades.php(26): Illuminate/Foundation/PackageManifest->aliases()
#5 C:/Users/Arabin/Desktop/Projects/My Project/task/task1-multi-login-sso/ecommerce-app/vendor/laravel/framework/src/Illuminate/Foundation/Application.php(286): Illuminate/Foundation/Bootstrap/RegisterFacades->bootstrap(Object(Illuminate/Foundation/Application))
#6 C:/Users/Arabin/Desktop/Projects/My Project/task/task1-multi-login-sso/ecommerce-app/vendor/laravel/framework/src/Illuminate/Foundation/Console/Kernel.php(447): Illuminate/Foundation/Application->bootstrapWith(Array)
#7 C:/Users/Arabin/Desktop/Projects/My Project/task/task1-multi-login-sso/ecommerce-app/vendor/laravel/framework/src/Illuminate/Foundation/Console/Kernel.php(199): Illuminate/Foundation/Console/Kernel->bootstrap()
#8 C:/Users/Arabin/Desktop/Projects/My Project/task/task1-multi-login-sso/ecommerce-app/artisan(24): Illuminate/Foundation/Console/Kernel->handle(Object(Symfony/Component/Console/Input/ArgvInput), Object(Symfony/Component/Console/Output/ConsoleOutput))
#9 {main}
"} 
[2026-02-24 19:52:17] laravel.EMERGENCY: Unable to create configured logger. Using emergency logger. {"exception":"[object] (InvalidArgumentException(code: 0): Log [] is not defined. at C:/Users/Arabin/Desktop/Projects/My Project/task/task1-multi-login-sso/ecommerce-app/vendor/laravel/framework/src/Illuminate/Log/LogManager.php:212)
[stacktrace]
#0 C:/Users/Arabin/Desktop/Projects/My Project/task/task1-multi-login-sso/ecommerce-app/vendor/laravel/framework/src/Illuminate/Log/LogManager.php(137): Illuminate/Log/LogManager->resolve(NULL, NULL)
#1 C:/Users/Arabin/Desktop/Projects/My Project/task/task1-multi-login-sso/ecommerce-app/vendor/laravel/framework/src/Illuminate/Log/LogManager.php(124): Illuminate/Log/LogManager->get(NULL)
#2 C:/Users/Arabin/Desktop/Projects/My Project/task/task1-multi-login-sso/ecommerce-app/vendor/laravel/framework/src/Illuminate/Log/LogManager.php(681): Illuminate/Log/LogManager->driver()
#3 C:/Users/Arabin/Desktop/Projects/My Project/task/task1-multi-login-sso/ecommerce-app/vendor/laravel/framework/src/Illuminate/Foundation/Exceptions/Handler.php(317): Illuminate/Log/LogManager->error('Illuminate//View...', Array)
#4 C:/Users/Arabin/Desktop/Projects/My Project/task/task1-multi-login-sso/ecommerce-app/vendor/laravel/framework/src/Illuminate/Foundation/Exceptions/Handler.php(278): Illuminate/Foundation/Exceptions/Handler->reportThrowable(Object(TypeError))
#5 C:/Users/Arabin/Desktop/Projects/My Project/task/task1-multi-login-sso/ecommerce-app/vendor/laravel/framework/src/Illuminate/Routing/Pipeline.php(49): Illuminate/Foundation/Exceptions/Handler->report(Object(TypeError))
#6 C:/Users/Arabin/Desktop/Projects/My Project/task/task1-multi-login-sso/ecommerce-app/vendor/laravel/framework/src/Illuminate/Pipeline/Pipeline.php(188): Illuminate/Routing/Pipeline->handleException(Object(Illuminate/Http/Request), Object(TypeError))
#7 C:/Users/Arabin/Desktop/Projects/My Project/task/task1-multi-login-sso/ecommerce-app/vendor/laravel/framework/src/Illuminate/Session/Middleware/StartSession.php(121): Illuminate/Pipeline/Pipeline->Illuminate/Pipeline/{closure}(Object(Illuminate/Http/Request))
#8 C:/Users/Arabin/Desktop/Projects/My Project/task/task1-multi-login-sso/ecommerce-app/vendor/laravel/framework/src/Illuminate/Session/Middleware/StartSession.php(64): Illuminate/Session/Middleware/StartSession->handleStatefulRequest(Object(Illuminate/Http/Request), Object(Illuminate/Session/Store), Object(Closure))
#9 C:/Users/Arabin/Desktop/Projects/My Project/task/task1-multi-login-sso/ecommerce-app/vendor/laravel/framework/src/Illuminate/Pipeline/Pipeline.php(183): Illuminate/Session/Middleware/StartSession->handle(Object(Illuminate/Http/Request), Object(Closure))
#10 C:/Users/Arabin/Desktop/Projects/My Project/task/task1-multi-login-sso/ecommerce-app/vendor/laravel/framework/src/Illuminate/Cookie/Middleware/AddQueuedCookiesToResponse.php(37): Illuminate/Pipeline/Pipeline->Illuminate/Pipeline/{closure}(Object(Illuminate/Http/Request))
#11 C:/Users/Arabin/Desktop/Projects/My Project/task/task1-multi-login-sso/ecommerce-app/vendor/laravel/framework/src/Illuminate/Pipeline/Pipeline.php(183): Illuminate/Cookie/Middleware/AddQueuedCookiesToResponse->handle(Object(Illuminate/Http/Request), Object(Closure))
#12 C:/Users/Arabin/Desktop/Projects/My Project/task/task1-multi-login-sso/ecommerce-app/vendor/laravel/framework/src/Illuminate/Cookie/Middleware/EncryptCookies.php(67): Illuminate/Pipeline/Pipeline->Illuminate/Pipeline/{closure}(Object(Illuminate/Http/Request))
#13 C:/Users/Arabin/Desktop/Projects/My Project/task/task1-multi-login-sso/ecommerce-app/vendor/laravel/framework/src/Illuminate/Pipeline/Pipeline.php(183): Illuminate/Cookie/Middleware/EncryptCookies->handle(Object(Illuminate/Http/Request), Object(Closure))
#14 C:/Users/Arabin/Desktop/Projects/My Project/task/task1-multi-login-sso/ecommerce-app/vendor/laravel/framework/src/Illuminate/Pipeline/Pipeline.php(119): Illuminate/Pipeline/Pipeline->Illuminate/Pipeline/{closure}(Object(Illuminate/Http/Request))
#15 C:/Users/Arabin/Desktop/Projects/My Project/task/task1-multi-login-sso/ecommerce-app/vendor/laravel/framework/src/Illuminate/Routing/Router.php(805): Illuminate/Pipeline/Pipeline->then(Object(Closure))
#16 C:/Users/Arabin/Desktop/Projects/My Project/task/task1-multi-login-sso/ecommerce-app/vendor/laravel/framework/src/Illuminate/Routing/Router.php(784): Illuminate/Routing/Router->runRouteWithinStack(Object(Illuminate/Routing/Route), Object(Illuminate/Http/Request))
#17 C:/Users/Arabin/Desktop/Projects/My Project/task/task1-multi-login-sso/ecommerce-app/vendor/laravel/framework/src/Illuminate/Routing/Router.php(748): Illuminate/Routing/Router->runRoute(Object(Illuminate/Http/Request), Object(Illuminate/Routing/Route))
#18 C:/Users/Arabin/Desktop/Projects/My Project/task/task1-multi-login-sso/ecommerce-app/vendor/laravel/framework/src/Illuminate/Routing/Router.php(737): Illuminate/Routing/Router->dispatchToRoute(Object(Illuminate/Http/Request))
#19 C:/Users/Arabin/Desktop/Projects/My Project/task/task1-multi-login-sso/ecommerce-app/vendor/laravel/framework/src/Illuminate/Foundation/Http/Kernel.php(200): Illuminate/Routing/Router->dispatch(Object(Illuminate/Http/Request))
#20 C:/Users/Arabin/Desktop/Projects/My Project/task/task1-multi-login-sso/ecommerce-app/vendor/laravel/framework/src/Illuminate/Pipeline/Pipeline.php(144): Illuminate/Foundation/Http/Kernel->Illuminate/Foundation/Http/{closure}(Object(Illuminate/Http/Request))
#21 C:/Users/Arabin/Desktop/Projects/My Project/task/task1-multi-login-sso/ecommerce-app/vendor/laravel/framework/src/Illuminate/Foundation/Http/Middleware/TransformsRequest.php(21): Illuminate/Pipeline/Pipeline->Illuminate/Pipeline/{closure}(Object(Illuminate/Http/Request))
#22 C:/Users/Arabin/Desktop/Projects/My Project/task/task1-multi-login-sso/ecommerce-app/vendor/laravel/framework/src/Illuminate/Foundation/Http/Middleware/ConvertEmptyStringsToNull.php(31): Illuminate/Foundation/Http/Middleware/TransformsRequest->handle(Object(Illuminate/Http/Request), Object(Closure))
#23 C:/Users/Arabin/Desktop/Projects/My Project/task/task1-multi-login-sso/ecommerce-app/vendor/laravel/framework/src/Illuminate/Pipeline/Pipeline.php(183): Illuminate/Foundation/Http/Middleware/ConvertEmptyStringsToNull->handle(Object(Illuminate/Http/Request), Object(Closure))
#24 C:/Users/Arabin/Desktop/Projects/My Project/task/task1-multi-login-sso/ecommerce-app/vendor/laravel/framework/src/Illuminate/Foundation/Http/Middleware/TransformsRequest.php(21): Illuminate/Pipeline/Pipeline->Illuminate/Pipeline/{closure}(Object(Illuminate/Http/Request))
#25 C:/Users/Arabin/Desktop/Projects/My Project/task/task1-multi-login-sso/ecommerce-app/vendor/laravel/framework/src/Illuminate/Foundation/Http/Middleware/TrimStrings.php(40): Illuminate/Foundation/Http/Middleware/TransformsRequest->handle(Object(Illuminate/Http/Request), Object(Closure))
#26 C:/Users/Arabin/Desktop/Projects/My Project/task/task1-multi-login-sso/ecommerce-app/vendor/laravel/framework/src/Illuminate/Pipeline/Pipeline.php(183): Illuminate/Foundation/Http/Middleware/TrimStrings->handle(Object(Illuminate/Http/Request), Object(Closure))
#27 C:/Users/Arabin/Desktop/Projects/My Project/task/task1-multi-login-sso/ecommerce-app/vendor/laravel/framework/src/Illuminate/Foundation/Http/Middleware/ValidatePostSize.php(27): Illuminate/Pipeline/Pipeline->Illuminate/Pipeline/{closure}(Object(Illuminate/Http/Request))
#28 C:/Users/Arabin/Desktop/Projects/My Project/task/task1-multi-login-sso/ecommerce-app/vendor/laravel/framework/src/Illuminate/Pipeline/Pipeline.php(183): Illuminate/Foundation/Http/Middleware/ValidatePostSize->handle(Object(Illuminate/Http/Request), Object(Closure))
#29 C:/Users/Arabin/Desktop/Projects/My Project/task/task1-multi-login-sso/ecommerce-app/vendor/laravel/framework/src/Illuminate/Foundation/Http/Middleware/PreventRequestsDuringMaintenance.php(99): Illuminate/Pipeline/Pipeline->Illuminate/Pipeline/{closure}(Object(Illuminate/Http/Request))
#30 C:/Users/Arabin/Desktop/Projects/My Project/task/task1-multi-login-sso/ecommerce-app/vendor/laravel/framework/src/Illuminate/Pipeline/Pipeline.php(183): Illuminate/Foundation/Http/Middleware/PreventRequestsDuringMaintenance->handle(Object(Illuminate/Http/Request), Object(Closure))
#31 C:/Users/Arabin/Desktop/Projects/My Project/task/task1-multi-login-sso/ecommerce-app/vendor/laravel/framework/src/Illuminate/Http/Middleware/HandleCors.php(49): Illuminate/Pipeline/Pipeline->Illuminate/Pipeline/{closure}(Object(Illuminate/Http/Request))
#32 C:/Users/Arabin/Desktop/Projects/My Project/task/task1-multi-login-sso/ecommerce-app/vendor/laravel/framework/src/Illuminate/Pipeline/Pipeline.php(183): Illuminate/Http/Middleware/HandleCors->handle(Object(Illuminate/Http/Request), Object(Closure))
#33 C:/Users/Arabin/Desktop/Projects/My Project/task/task1-multi-login-sso/ecommerce-app/vendor/laravel/framework/src/Illuminate/Http/Middleware/TrustProxies.php(39): Illuminate/Pipeline/Pipeline->Illuminate/Pipeline/{closure}(Object(Illuminate/Http/Request))
#34 C:/Users/Arabin/Desktop/Projects/My Project/task/task1-multi-login-sso/ecommerce-app/vendor/laravel/framework/src/Illuminate/Pipeline/Pipeline.php(183): Illuminate/Http/Middleware/TrustProxies->handle(Object(Illuminate/Http/Request), Object(Closure))
#35 C:/Users/Arabin/Desktop/Projects/My Project/task/task1-multi-login-sso/ecommerce-app/vendor/laravel/framework/src/Illuminate/Pipeline/Pipeline.php(119): Illuminate/Pipeline/Pipeline->Illuminate/Pipeline/{closure}(Object(Illuminate/Http/Request))
#36 C:/Users/Arabin/Desktop/Projects/My Project/task/task1-multi-login-sso/ecommerce-app/vendor/laravel/framework/src/Illuminate/Foundation/Http/Kernel.php(175): Illuminate/Pipeline/Pipeline->then(Object(Closure))
#37 C:/Users/Arabin/Desktop/Projects/My Project/task/task1-multi-login-sso/ecommerce-app/vendor/laravel/framework/src/Illuminate/Foundation/Http/Kernel.php(144): Illuminate/Foundation/Http/Kernel->sendRequestThroughRouter(Object(Illuminate/Http/Request))
#38 C:/Users/Arabin/Desktop/Projects/My Project/task/task1-multi-login-sso/ecommerce-app/public/index.php(36): Illuminate/Foundation/Http/Kernel->handle(Object(Illuminate/Http/Request))
#39 C:/Users/Arabin/Desktop/Projects/My Project/task/task1-multi-login-sso/ecommerce-app/vendor/laravel/framework/src/Illuminate/Foundation/resources/server.php(16): require_once('C://Users//Arabin...')
#40 {main}
"} 
[2026-02-24 19:52:17] laravel.ERROR: Illuminate\View\FileViewFinder::__construct(): Argument #2 ($paths) must be of type array, null given, called in C:\Users\Arabin\Desktop\Projects\My Project\task\task1-multi-login-sso\ecommerce-app\vendor\laravel\framework\src\Illuminate\View\ViewServiceProvider.php on line 85 {"exception":"[object] (TypeError(code: 0): Illuminate\\View\\FileViewFinder::__construct(): Argument #2 ($paths) must be of type array, null given, called in C:\\Users\\Arabin\\Desktop\\Projects\\My Project\\task\\task1-multi-login-sso\\ecommerce-app\\vendor\\laravel\\framework\\src\\Illuminate\\View\\ViewServiceProvider.php on line 85 at C:/Users/Arabin/Desktop/Projects/My Project/task/task1-multi-login-sso/ecommerce-app/vendor/laravel/framework/src/Illuminate/View/FileViewFinder.php:53)
[stacktrace]
#0 C:/Users/Arabin/Desktop/Projects/My Project/task/task1-multi-login-sso/ecommerce-app/vendor/laravel/framework/src/Illuminate/View/ViewServiceProvider.php(85): Illuminate/View/FileViewFinder->__construct(Object(Illuminate/Filesystem/Filesystem), NULL)
#1 C:/Users/Arabin/Desktop/Projects/My Project/task/task1-multi-login-sso/ecommerce-app/vendor/laravel/framework/src/Illuminate/Container/Container.php(908): Illuminate/View/ViewServiceProvider->Illuminate/View/{closure}(Object(Illuminate/Foundation/Application), Array)
#2 C:/Users/Arabin/Desktop/Projects/My Project/task/task1-multi-login-sso/ecommerce-app/vendor/laravel/framework/src/Illuminate/Container/Container.php(795): Illuminate/Container/Container->build(Object(Closure))
#3 C:/Users/Arabin/Desktop/Projects/My Project/task/task1-multi-login-sso/ecommerce-app/vendor/laravel/framework/src/Illuminate/Foundation/Application.php(986): Illuminate/Container/Container->resolve('view.finder', Array, true)
#4 C:/Users/Arabin/Desktop/Projects/My Project/task/task1-multi-login-sso/ecommerce-app/vendor/laravel/framework/src/Illuminate/Container/Container.php(731): Illuminate/Foundation/Application->resolve('view.finder', Array)
#5 C:/Users/Arabin/Desktop/Projects/My Project/task/task1-multi-login-sso/ecommerce-app/vendor/laravel/framework/src/Illuminate/Foundation/Application.php(971): Illuminate/Container/Container->make('view.finder', Array)
#6 C:/Users/Arabin/Desktop/Projects/My Project/task/task1-multi-login-sso/ecommerce-app/vendor/laravel/framework/src/Illuminate/Container/Container.php(1454): Illuminate/Foundation/Application->make('view.finder')
#7 C:/Users/Arabin/Desktop/Projects/My Project/task/task1-multi-login-sso/ecommerce-app/vendor/laravel/framework/src/Illuminate/View/ViewServiceProvider.php(45): Illuminate/Container/Container->offsetGet('view.finder')
#8 C:/Users/Arabin/Desktop/Projects/My Project/task/task1-multi-login-sso/ecommerce-app/vendor/laravel/framework/src/Illuminate/Container/Container.php(908): Illuminate/View/ViewServiceProvider->Illuminate/View/{closure}(Object(Illuminate/Foundation/Application), Array)
#9 C:/Users/Arabin/Desktop/Projects/My Project/task/task1-multi-login-sso/ecommerce-app/vendor/laravel/framework/src/Illuminate/Container/Container.php(795): Illuminate/Container/Container->build(Object(Closure))
#10 C:/Users/Arabin/Desktop/Projects/My Project/task/task1-multi-login-sso/ecommerce-app/vendor/laravel/framework/src/Illuminate/Foundation/Application.php(986): Illuminate/Container/Container->resolve('view', Array, true)
#11 C:/Users/Arabin/Desktop/Projects/My Project/task/task1-multi-login-sso/ecommerce-app/vendor/laravel/framework/src/Illuminate/Container/Container.php(731): Illuminate/Foundation/Application->resolve('view', Array)
#12 C:/Users/Arabin/Desktop/Projects/My Project/task/task1-multi-login-sso/ecommerce-app/vendor/laravel/framework/src/Illuminate/Foundation/Application.php(971): Illuminate/Container/Container->make('view', Array)
#13 C:/Users/Arabin/Desktop/Projects/My Project/task/task1-multi-login-sso/ecommerce-app/vendor/laravel/framework/src/Illuminate/Container/Container.php(1066): Illuminate/Foundation/Application->make('view')
#14 C:/Users/Arabin/Desktop/Projects/My Project/task/task1-multi-login-sso/ecommerce-app/vendor/laravel/framework/src/Illuminate/Container/Container.php(982): Illuminate/Container/Container->resolveClass(Object(ReflectionParameter))
#15 C:/Users/Arabin/Desktop/Projects/My Project/task/task1-multi-login-sso/ecommerce-app/vendor/laravel/framework/src/Illuminate/Container/Container.php(943): Illuminate/Container/Container->resolveDependencies(Array)
#16 C:/Users/Arabin/Desktop/Projects/My Project/task/task1-multi-login-sso/ecommerce-app/vendor/laravel/framework/src/Illuminate/Container/Container.php(795): Illuminate/Container/Container->build('Illuminate//View...')
#17 C:/Users/Arabin/Desktop/Projects/My Project/task/task1-multi-login-sso/ecommerce-app/vendor/laravel/framework/src/Illuminate/Foundation/Application.php(986): Illuminate/Container/Container->resolve('Illuminate//View...', Array, true)
#18 C:/Users/Arabin/Desktop/Projects/My Project/task/task1-multi-login-sso/ecommerce-app/vendor/laravel/framework/src/Illuminate/Container/Container.php(731): Illuminate/Foundation/Application->resolve('Illuminate//View...', Array)
#19 C:/Users/Arabin/Desktop/Projects/My Project/task/task1-multi-login-sso/ecommerce-app/vendor/laravel/framework/src/Illuminate/Foundation/Application.php(971): Illuminate/Container/Container->make('Illuminate//View...', Array)
#20 C:/Users/Arabin/Desktop/Projects/My Project/task/task1-multi-login-sso/ecommerce-app/vendor/laravel/framework/src/Illuminate/Pipeline/Pipeline.php(172): Illuminate/Foundation/Application->make('Illuminate//View...')
#21 C:/Users/Arabin/Desktop/Projects/My Project/task/task1-multi-login-sso/ecommerce-app/vendor/laravel/framework/src/Illuminate/Session/Middleware/StartSession.php(121): Illuminate/Pipeline/Pipeline->Illuminate/Pipeline/{closure}(Object(Illuminate/Http/Request))
#22 C:/Users/Arabin/Desktop/Projects/My Project/task/task1-multi-login-sso/ecommerce-app/vendor/laravel/framework/src/Illuminate/Session/Middleware/StartSession.php(64): Illuminate/Session/Middleware/StartSession->handleStatefulRequest(Object(Illuminate/Http/Request), Object(Illuminate/Session/Store), Object(Closure))
#23 C:/Users/Arabin/Desktop/Projects/My Project/task/task1-multi-login-sso/ecommerce-app/vendor/laravel/framework/src/Illuminate/Pipeline/Pipeline.php(183): Illuminate/Session/Middleware/StartSession->handle(Object(Illuminate/Http/Request), Object(Closure))
#24 C:/Users/Arabin/Desktop/Projects/My Project/task/task1-multi-login-sso/ecommerce-app/vendor/laravel/framework/src/Illuminate/Cookie/Middleware/AddQueuedCookiesToResponse.php(37): Illuminate/Pipeline/Pipeline->Illuminate/Pipeline/{closure}(Object(Illuminate/Http/Request))
#25 C:/Users/Arabin/Desktop/Projects/My Project/task/task1-multi-login-sso/ecommerce-app/vendor/laravel/framework/src/Illuminate/Pipeline/Pipeline.php(183): Illuminate/Cookie/Middleware/AddQueuedCookiesToResponse->handle(Object(Illuminate/Http/Request), Object(Closure))
#26 C:/Users/Arabin/Desktop/Projects/My Project/task/task1-multi-login-sso/ecommerce-app/vendor/laravel/framework/src/Illuminate/Cookie/Middleware/EncryptCookies.php(67): Illuminate/Pipeline/Pipeline->Illuminate/Pipeline/{closure}(Object(Illuminate/Http/Request))
#27 C:/Users/Arabin/Desktop/Projects/My Project/task/task1-multi-login-sso/ecommerce-app/vendor/laravel/framework/src/Illuminate/Pipeline/Pipeline.php(183): Illuminate/Cookie/Middleware/EncryptCookies->handle(Object(Illuminate/Http/Request), Object(Closure))
#28 C:/Users/Arabin/Desktop/Projects/My Project/task/task1-multi-login-sso/ecommerce-app/vendor/laravel/framework/src/Illuminate/Pipeline/Pipeline.php(119): Illuminate/Pipeline/Pipeline->Illuminate/Pipeline/{closure}(Object(Illuminate/Http/Request))
#29 C:/Users/Arabin/Desktop/Projects/My Project/task/task1-multi-login-sso/ecommerce-app/vendor/laravel/framework/src/Illuminate/Routing/Router.php(805): Illuminate/Pipeline/Pipeline->then(Object(Closure))
#30 C:/Users/Arabin/Desktop/Projects/My Project/task/task1-multi-login-sso/ecommerce-app/vendor/laravel/framework/src/Illuminate/Routing/Router.php(784): Illuminate/Routing/Router->runRouteWithinStack(Object(Illuminate/Routing/Route), Object(Illuminate/Http/Request))
#31 C:/Users/Arabin/Desktop/Projects/My Project/task/task1-multi-login-sso/ecommerce-app/vendor/laravel/framework/src/Illuminate/Routing/Router.php(748): Illuminate/Routing/Router->runRoute(Object(Illuminate/Http/Request), Object(Illuminate/Routing/Route))
#32 C:/Users/Arabin/Desktop/Projects/My Project/task/task1-multi-login-sso/ecommerce-app/vendor/laravel/framework/src/Illuminate/Routing/Router.php(737): Illuminate/Routing/Router->dispatchToRoute(Object(Illuminate/Http/Request))
#33 C:/Users/Arabin/Desktop/Projects/My Project/task/task1-multi-login-sso/ecommerce-app/vendor/laravel/framework/src/Illuminate/Foundation/Http/Kernel.php(200): Illuminate/Routing/Router->dispatch(Object(Illuminate/Http/Request))
#34 C:/Users/Arabin/Desktop/Projects/My Project/task/task1-multi-login-sso/ecommerce-app/vendor/laravel/framework/src/Illuminate/Pipeline/Pipeline.php(144): Illuminate/Foundation/Http/Kernel->Illuminate/Foundation/Http/{closure}(Object(Illuminate/Http/Request))
#35 C:/Users/Arabin/Desktop/Projects/My Project/task/task1-multi-login-sso/ecommerce-app/vendor/laravel/framework/src/Illuminate/Foundation/Http/Middleware/TransformsRequest.php(21): Illuminate/Pipeline/Pipeline->Illuminate/Pipeline/{closure}(Object(Illuminate/Http/Request))
#36 C:/Users/Arabin/Desktop/Projects/My Project/task/task1-multi-login-sso/ecommerce-app/vendor/laravel/framework/src/Illuminate/Foundation/Http/Middleware/ConvertEmptyStringsToNull.php(31): Illuminate/Foundation/Http/Middleware/TransformsRequest->handle(Object(Illuminate/Http/Request), Object(Closure))
#37 C:/Users/Arabin/Desktop/Projects/My Project/task/task1-multi-login-sso/ecommerce-app/vendor/laravel/framework/src/Illuminate/Pipeline/Pipeline.php(183): Illuminate/Foundation/Http/Middleware/ConvertEmptyStringsToNull->handle(Object(Illuminate/Http/Request), Object(Closure))
#38 C:/Users/Arabin/Desktop/Projects/My Project/task/task1-multi-login-sso/ecommerce-app/vendor/laravel/framework/src/Illuminate/Foundation/Http/Middleware/TransformsRequest.php(21): Illuminate/Pipeline/Pipeline->Illuminate/Pipeline/{closure}(Object(Illuminate/Http/Request))
#39 C:/Users/Arabin/Desktop/Projects/My Project/task/task1-multi-login-sso/ecommerce-app/vendor/laravel/framework/src/Illuminate/Foundation/Http/Middleware/TrimStrings.php(40): Illuminate/Foundation/Http/Middleware/TransformsRequest->handle(Object(Illuminate/Http/Request), Object(Closure))
#40 C:/Users/Arabin/Desktop/Projects/My Project/task/task1-multi-login-sso/ecommerce-app/vendor/laravel/framework/src/Illuminate/Pipeline/Pipeline.php(183): Illuminate/Foundation/Http/Middleware/TrimStrings->handle(Object(Illuminate/Http/Request), Object(Closure))
#41 C:/Users/Arabin/Desktop/Projects/My Project/task/task1-multi-login-sso/ecommerce-app/vendor/laravel/framework/src/Illuminate/Foundation/Http/Middleware/ValidatePostSize.php(27): Illuminate/Pipeline/Pipeline->Illuminate/Pipeline/{closure}(Object(Illuminate/Http/Request))
#42 C:/Users/Arabin/Desktop/Projects/My Project/task/task1-multi-login-sso/ecommerce-app/vendor/laravel/framework/src/Illuminate/Pipeline/Pipeline.php(183): Illuminate/Foundation/Http/Middleware/ValidatePostSize->handle(Object(Illuminate/Http/Request), Object(Closure))
#43 C:/Users/Arabin/Desktop/Projects/My Project/task/task1-multi-login-sso/ecommerce-app/vendor/laravel/framework/src/Illuminate/Foundation/Http/Middleware/PreventRequestsDuringMaintenance.php(99): Illuminate/Pipeline/Pipeline->Illuminate/Pipeline/{closure}(Object(Illuminate/Http/Request))
#44 C:/Users/Arabin/Desktop/Projects/My Project/task/task1-multi-login-sso/ecommerce-app/vendor/laravel/framework/src/Illuminate/Pipeline/Pipeline.php(183): Illuminate/Foundation/Http/Middleware/PreventRequestsDuringMaintenance->handle(Object(Illuminate/Http/Request), Object(Closure))
#45 C:/Users/Arabin/Desktop/Projects/My Project/task/task1-multi-login-sso/ecommerce-app/vendor/laravel/framework/src/Illuminate/Http/Middleware/HandleCors.php(49): Illuminate/Pipeline/Pipeline->Illuminate/Pipeline/{closure}(Object(Illuminate/Http/Request))
#46 C:/Users/Arabin/Desktop/Projects/My Project/task/task1-multi-login-sso/ecommerce-app/vendor/laravel/framework/src/Illuminate/Pipeline/Pipeline.php(183): Illuminate/Http/Middleware/HandleCors->handle(Object(Illuminate/Http/Request), Object(Closure))
#47 C:/Users/Arabin/Desktop/Projects/My Project/task/task1-multi-login-sso/ecommerce-app/vendor/laravel/framework/src/Illuminate/Http/Middleware/TrustProxies.php(39): Illuminate/Pipeline/Pipeline->Illuminate/Pipeline/{closure}(Object(Illuminate/Http/Request))
#48 C:/Users/Arabin/Desktop/Projects/My Project/task/task1-multi-login-sso/ecommerce-app/vendor/laravel/framework/src/Illuminate/Pipeline/Pipeline.php(183): Illuminate/Http/Middleware/TrustProxies->handle(Object(Illuminate/Http/Request), Object(Closure))
#49 C:/Users/Arabin/Desktop/Projects/My Project/task/task1-multi-login-sso/ecommerce-app/vendor/laravel/framework/src/Illuminate/Pipeline/Pipeline.php(119): Illuminate/Pipeline/Pipeline->Illuminate/Pipeline/{closure}(Object(Illuminate/Http/Request))
#50 C:/Users/Arabin/Desktop/Projects/My Project/task/task1-multi-login-sso/ecommerce-app/vendor/laravel/framework/src/Illuminate/Foundation/Http/Kernel.php(175): Illuminate/Pipeline/Pipeline->then(Object(Closure))
#51 C:/Users/Arabin/Desktop/Projects/My Project/task/task1-multi-login-sso/ecommerce-app/vendor/laravel/framework/src/Illuminate/Foundation/Http/Kernel.php(144): Illuminate/Foundation/Http/Kernel->sendRequestThroughRouter(Object(Illuminate/Http/Request))
#52 C:/Users/Arabin/Desktop/Projects/My Project/task/task1-multi-login-sso/ecommerce-app/public/index.php(36): Illuminate/Foundation/Http/Kernel->handle(Object(Illuminate/Http/Request))
#53 C:/Users/Arabin/Desktop/Projects/My Project/task/task1-multi-login-sso/ecommerce-app/vendor/laravel/framework/src/Illuminate/Foundation/resources/server.php(16): require_once('C://Users//Arabin...')
#54 {main}
"} 
[2026-02-24 19:52:24] laravel.EMERGENCY: Unable to create configured logger. Using emergency logger. {"exception":"[object] (InvalidArgumentException(code: 0): Log [] is not defined. at C:/Users/Arabin/Desktop/Projects/My Project/task/task1-multi-login-sso/ecommerce-app/vendor/laravel/framework/src/Illuminate/Log/LogManager.php:212)
[stacktrace]
#0 C:/Users/Arabin/Desktop/Projects/My Project/task/task1-multi-login-sso/ecommerce-app/vendor/laravel/framework/src/Illuminate/Log/LogManager.php(137): Illuminate/Log/LogManager->resolve(NULL, NULL)
#1 C:/Users/Arabin/Desktop/Projects/My Project/task/task1-multi-login-sso/ecommerce-app/vendor/laravel/framework/src/Illuminate/Log/LogManager.php(124): Illuminate/Log/LogManager->get(NULL)
#2 C:/Users/Arabin/Desktop/Projects/My Project/task/task1-multi-login-sso/ecommerce-app/vendor/laravel/framework/src/Illuminate/Log/LogManager.php(681): Illuminate/Log/LogManager->driver()
#3 C:/Users/Arabin/Desktop/Projects/My Project/task/task1-multi-login-sso/ecommerce-app/vendor/laravel/framework/src/Illuminate/Foundation/Exceptions/Handler.php(317): Illuminate/Log/LogManager->error('Illuminate//View...', Array)
#4 C:/Users/Arabin/Desktop/Projects/My Project/task/task1-multi-login-sso/ecommerce-app/vendor/laravel/framework/src/Illuminate/Foundation/Exceptions/Handler.php(278): Illuminate/Foundation/Exceptions/Handler->reportThrowable(Object(TypeError))
#5 C:/Users/Arabin/Desktop/Projects/My Project/task/task1-multi-login-sso/ecommerce-app/vendor/laravel/framework/src/Illuminate/Foundation/Bootstrap/HandleExceptions.php(183): Illuminate/Foundation/Exceptions/Handler->report(Object(TypeError))
#6 C:/Users/Arabin/Desktop/Projects/My Project/task/task1-multi-login-sso/ecommerce-app/vendor/laravel/framework/src/Illuminate/Foundation/Bootstrap/HandleExceptions.php(255): Illuminate/Foundation/Bootstrap/HandleExceptions->handleException(Object(TypeError))
#7 [internal function]: Illuminate/Foundation/Bootstrap/HandleExceptions->Illuminate/Foundation/Bootstrap/{closure}(Object(TypeError))
#8 {main}
"} 
[2026-02-24 19:52:24] laravel.ERROR: Illuminate\View\FileViewFinder::__construct(): Argument #2 ($paths) must be of type array, null given, called in C:\Users\Arabin\Desktop\Projects\My Project\task\task1-multi-login-sso\ecommerce-app\vendor\laravel\framework\src\Illuminate\View\ViewServiceProvider.php on line 85 {"exception":"[object] (TypeError(code: 0): Illuminate\\View\\FileViewFinder::__construct(): Argument #2 ($paths) must be of type array, null given, called in C:\\Users\\Arabin\\Desktop\\Projects\\My Project\\task\\task1-multi-login-sso\\ecommerce-app\\vendor\\laravel\\framework\\src\\Illuminate\\View\\ViewServiceProvider.php on line 85 at C:/Users/Arabin/Desktop/Projects/My Project/task/task1-multi-login-sso/ecommerce-app/vendor/laravel/framework/src/Illuminate/View/FileViewFinder.php:53)
[stacktrace]
#0 C:/Users/Arabin/Desktop/Projects/My Project/task/task1-multi-login-sso/ecommerce-app/vendor/laravel/framework/src/Illuminate/View/ViewServiceProvider.php(85): Illuminate/View/FileViewFinder->__construct(Object(Illuminate/Filesystem/Filesystem), NULL)
#1 C:/Users/Arabin/Desktop/Projects/My Project/task/task1-multi-login-sso/ecommerce-app/vendor/laravel/framework/src/Illuminate/Container/Container.php(908): Illuminate/View/ViewServiceProvider->Illuminate/View/{closure}(Object(Illuminate/Foundation/Application), Array)
#2 C:/Users/Arabin/Desktop/Projects/My Project/task/task1-multi-login-sso/ecommerce-app/vendor/laravel/framework/src/Illuminate/Container/Container.php(795): Illuminate/Container/Container->build(Object(Closure))
#3 C:/Users/Arabin/Desktop/Projects/My Project/task/task1-multi-login-sso/ecommerce-app/vendor/laravel/framework/src/Illuminate/Foundation/Application.php(986): Illuminate/Container/Container->resolve('view.finder', Array, true)
#4 C:/Users/Arabin/Desktop/Projects/My Project/task/task1-multi-login-sso/ecommerce-app/vendor/laravel/framework/src/Illuminate/Container/Container.php(731): Illuminate/Foundation/Application->resolve('view.finder', Array)
#5 C:/Users/Arabin/Desktop/Projects/My Project/task/task1-multi-login-sso/ecommerce-app/vendor/laravel/framework/src/Illuminate/Foundation/Application.php(971): Illuminate/Container/Container->make('view.finder', Array)
#6 C:/Users/Arabin/Desktop/Projects/My Project/task/task1-multi-login-sso/ecommerce-app/vendor/laravel/framework/src/Illuminate/Container/Container.php(1454): Illuminate/Foundation/Application->make('view.finder')
#7 C:/Users/Arabin/Desktop/Projects/My Project/task/task1-multi-login-sso/ecommerce-app/vendor/laravel/framework/src/Illuminate/View/ViewServiceProvider.php(45): Illuminate/Container/Container->offsetGet('view.finder')
#8 C:/Users/Arabin/Desktop/Projects/My Project/task/task1-multi-login-sso/ecommerce-app/vendor/laravel/framework/src/Illuminate/Container/Container.php(908): Illuminate/View/ViewServiceProvider->Illuminate/View/{closure}(Object(Illuminate/Foundation/Application), Array)
#9 C:/Users/Arabin/Desktop/Projects/My Project/task/task1-multi-login-sso/ecommerce-app/vendor/laravel/framework/src/Illuminate/Container/Container.php(795): Illuminate/Container/Container->build(Object(Closure))
#10 C:/Users/Arabin/Desktop/Projects/My Project/task/task1-multi-login-sso/ecommerce-app/vendor/laravel/framework/src/Illuminate/Foundation/Application.php(986): Illuminate/Container/Container->resolve('view', Array, true)
#11 C:/Users/Arabin/Desktop/Projects/My Project/task/task1-multi-login-sso/ecommerce-app/vendor/laravel/framework/src/Illuminate/Container/Container.php(731): Illuminate/Foundation/Application->resolve('view', Array)
#12 C:/Users/Arabin/Desktop/Projects/My Project/task/task1-multi-login-sso/ecommerce-app/vendor/laravel/framework/src/Illuminate/Foundation/Application.php(971): Illuminate/Container/Container->make('view', Array)
#13 C:/Users/Arabin/Desktop/Projects/My Project/task/task1-multi-login-sso/ecommerce-app/vendor/laravel/framework/src/Illuminate/Container/Container.php(1066): Illuminate/Foundation/Application->make('view')
#14 C:/Users/Arabin/Desktop/Projects/My Project/task/task1-multi-login-sso/ecommerce-app/vendor/laravel/framework/src/Illuminate/Container/Container.php(982): Illuminate/Container/Container->resolveClass(Object(ReflectionParameter))
#15 C:/Users/Arabin/Desktop/Projects/My Project/task/task1-multi-login-sso/ecommerce-app/vendor/laravel/framework/src/Illuminate/Container/Container.php(943): Illuminate/Container/Container->resolveDependencies(Array)
#16 C:/Users/Arabin/Desktop/Projects/My Project/task/task1-multi-login-sso/ecommerce-app/vendor/laravel/framework/src/Illuminate/Container/Container.php(795): Illuminate/Container/Container->build('Illuminate//View...')
#17 C:/Users/Arabin/Desktop/Projects/My Project/task/task1-multi-login-sso/ecommerce-app/vendor/laravel/framework/src/Illuminate/Foundation/Application.php(986): Illuminate/Container/Container->resolve('Illuminate//View...', Array, true)
#18 C:/Users/Arabin/Desktop/Projects/My Project/task/task1-multi-login-sso/ecommerce-app/vendor/laravel/framework/src/Illuminate/Container/Container.php(731): Illuminate/Foundation/Application->resolve('Illuminate//View...', Array)
#19 C:/Users/Arabin/Desktop/Projects/My Project/task/task1-multi-login-sso/ecommerce-app/vendor/laravel/framework/src/Illuminate/Foundation/Application.php(971): Illuminate/Container/Container->make('Illuminate//View...', Array)
#20 C:/Users/Arabin/Desktop/Projects/My Project/task/task1-multi-login-sso/ecommerce-app/vendor/laravel/framework/src/Illuminate/Foundation/Http/Kernel.php(255): Illuminate/Foundation/Application->make('Illuminate//View...')
#21 C:/Users/Arabin/Desktop/Projects/My Project/task/task1-multi-login-sso/ecommerce-app/vendor/laravel/framework/src/Illuminate/Foundation/Http/Kernel.php(213): Illuminate/Foundation/Http/Kernel->terminateMiddleware(Object(Illuminate/Http/Request), Object(Illuminate/Http/Response))
#22 C:/Users/Arabin/Desktop/Projects/My Project/task/task1-multi-login-sso/ecommerce-app/public/index.php(40): Illuminate/Foundation/Http/Kernel->terminate(Object(Illuminate/Http/Request), Object(Illuminate/Http/Response))
#23 C:/Users/Arabin/Desktop/Projects/My Project/task/task1-multi-login-sso/ecommerce-app/vendor/laravel/framework/src/Illuminate/Foundation/resources/server.php(16): require_once('C://Users//Arabin...')
#24 {main}
"} 
[2026-02-24 19:52:25] laravel.EMERGENCY: Unable to create configured logger. Using emergency logger. {"exception":"[object] (InvalidArgumentException(code: 0): Log [] is not defined. at C:/Users/Arabin/Desktop/Projects/My Project/task/task1-multi-login-sso/ecommerce-app/vendor/laravel/framework/src/Illuminate/Log/LogManager.php:212)
[stacktrace]
#0 C:/Users/Arabin/Desktop/Projects/My Project/task/task1-multi-login-sso/ecommerce-app/vendor/laravel/framework/src/Illuminate/Log/LogManager.php(137): Illuminate/Log/LogManager->resolve(NULL, NULL)
#1 C:/Users/Arabin/Desktop/Projects/My Project/task/task1-multi-login-sso/ecommerce-app/vendor/laravel/framework/src/Illuminate/Log/LogManager.php(124): Illuminate/Log/LogManager->get(NULL)
#2 C:/Users/Arabin/Desktop/Projects/My Project/task/task1-multi-login-sso/ecommerce-app/vendor/laravel/framework/src/Illuminate/Log/LogManager.php(681): Illuminate/Log/LogManager->driver()
#3 C:/Users/Arabin/Desktop/Projects/My Project/task/task1-multi-login-sso/ecommerce-app/vendor/laravel/framework/src/Illuminate/Foundation/Exceptions/Handler.php(317): Illuminate/Log/LogManager->error('Illuminate//View...', Array)
#4 C:/Users/Arabin/Desktop/Projects/My Project/task/task1-multi-login-sso/ecommerce-app/vendor/laravel/framework/src/Illuminate/Foundation/Exceptions/Handler.php(278): Illuminate/Foundation/Exceptions/Handler->reportThrowable(Object(TypeError))
#5 C:/Users/Arabin/Desktop/Projects/My Project/task/task1-multi-login-sso/ecommerce-app/vendor/laravel/framework/src/Illuminate/Routing/Pipeline.php(49): Illuminate/Foundation/Exceptions/Handler->report(Object(TypeError))
#6 C:/Users/Arabin/Desktop/Projects/My Project/task/task1-multi-login-sso/ecommerce-app/vendor/laravel/framework/src/Illuminate/Pipeline/Pipeline.php(188): Illuminate/Routing/Pipeline->handleException(Object(Illuminate/Http/Request), Object(TypeError))
#7 C:/Users/Arabin/Desktop/Projects/My Project/task/task1-multi-login-sso/ecommerce-app/vendor/laravel/framework/src/Illuminate/Foundation/Http/Middleware/TransformsRequest.php(21): Illuminate/Pipeline/Pipeline->Illuminate/Pipeline/{closure}(Object(Illuminate/Http/Request))
#8 C:/Users/Arabin/Desktop/Projects/My Project/task/task1-multi-login-sso/ecommerce-app/vendor/laravel/framework/src/Illuminate/Foundation/Http/Middleware/TrimStrings.php(40): Illuminate/Foundation/Http/Middleware/TransformsRequest->handle(Object(Illuminate/Http/Request), Object(Closure))
#9 C:/Users/Arabin/Desktop/Projects/My Project/task/task1-multi-login-sso/ecommerce-app/vendor/laravel/framework/src/Illuminate/Pipeline/Pipeline.php(183): Illuminate/Foundation/Http/Middleware/TrimStrings->handle(Object(Illuminate/Http/Request), Object(Closure))
#10 C:/Users/Arabin/Desktop/Projects/My Project/task/task1-multi-login-sso/ecommerce-app/vendor/laravel/framework/src/Illuminate/Foundation/Http/Middleware/ValidatePostSize.php(27): Illuminate/Pipeline/Pipeline->Illuminate/Pipeline/{closure}(Object(Illuminate/Http/Request))
#11 C:/Users/Arabin/Desktop/Projects/My Project/task/task1-multi-login-sso/ecommerce-app/vendor/laravel/framework/src/Illuminate/Pipeline/Pipeline.php(183): Illuminate/Foundation/Http/Middleware/ValidatePostSize->handle(Object(Illuminate/Http/Request), Object(Closure))
#12 C:/Users/Arabin/Desktop/Projects/My Project/task/task1-multi-login-sso/ecommerce-app/vendor/laravel/framework/src/Illuminate/Foundation/Http/Middleware/PreventRequestsDuringMaintenance.php(99): Illuminate/Pipeline/Pipeline->Illuminate/Pipeline/{closure}(Object(Illuminate/Http/Request))
#13 C:/Users/Arabin/Desktop/Projects/My Project/task/task1-multi-login-sso/ecommerce-app/vendor/laravel/framework/src/Illuminate/Pipeline/Pipeline.php(183): Illuminate/Foundation/Http/Middleware/PreventRequestsDuringMaintenance->handle(Object(Illuminate/Http/Request), Object(Closure))
#14 C:/Users/Arabin/Desktop/Projects/My Project/task/task1-multi-login-sso/ecommerce-app/vendor/laravel/framework/src/Illuminate/Http/Middleware/HandleCors.php(49): Illuminate/Pipeline/Pipeline->Illuminate/Pipeline/{closure}(Object(Illuminate/Http/Request))
#15 C:/Users/Arabin/Desktop/Projects/My Project/task/task1-multi-login-sso/ecommerce-app/vendor/laravel/framework/src/Illuminate/Pipeline/Pipeline.php(183): Illuminate/Http/Middleware/HandleCors->handle(Object(Illuminate/Http/Request), Object(Closure))
#16 C:/Users/Arabin/Desktop/Projects/My Project/task/task1-multi-login-sso/ecommerce-app/vendor/laravel/framework/src/Illuminate/Http/Middleware/TrustProxies.php(39): Illuminate/Pipeline/Pipeline->Illuminate/Pipeline/{closure}(Object(Illuminate/Http/Request))
#17 C:/Users/Arabin/Desktop/Projects/My Project/task/task1-multi-login-sso/ecommerce-app/vendor/laravel/framework/src/Illuminate/Pipeline/Pipeline.php(183): Illuminate/Http/Middleware/TrustProxies->handle(Object(Illuminate/Http/Request), Object(Closure))
#18 C:/Users/Arabin/Desktop/Projects/My Project/task/task1-multi-login-sso/ecommerce-app/vendor/laravel/framework/src/Illuminate/Pipeline/Pipeline.php(119): Illuminate/Pipeline/Pipeline->Illuminate/Pipeline/{closure}(Object(Illuminate/Http/Request))
#19 C:/Users/Arabin/Desktop/Projects/My Project/task/task1-multi-login-sso/ecommerce-app/vendor/laravel/framework/src/Illuminate/Foundation/Http/Kernel.php(175): Illuminate/Pipeline/Pipeline->then(Object(Closure))
#20 C:/Users/Arabin/Desktop/Projects/My Project/task/task1-multi-login-sso/ecommerce-app/vendor/laravel/framework/src/Illuminate/Foundation/Http/Kernel.php(144): Illuminate/Foundation/Http/Kernel->sendRequestThroughRouter(Object(Illuminate/Http/Request))
#21 C:/Users/Arabin/Desktop/Projects/My Project/task/task1-multi-login-sso/ecommerce-app/public/index.php(36): Illuminate/Foundation/Http/Kernel->handle(Object(Illuminate/Http/Request))
#22 C:/Users/Arabin/Desktop/Projects/My Project/task/task1-multi-login-sso/ecommerce-app/vendor/laravel/framework/src/Illuminate/Foundation/resources/server.php(16): require_once('C://Users//Arabin...')
#23 {main}
"} 
[2026-02-24 19:52:25] laravel.ERROR: Illuminate\View\FileViewFinder::__construct(): Argument #2 ($paths) must be of type array, null given, called in C:\Users\Arabin\Desktop\Projects\My Project\task\task1-multi-login-sso\ecommerce-app\vendor\laravel\framework\src\Illuminate\View\ViewServiceProvider.php on line 85 {"exception":"[object] (TypeError(code: 0): Illuminate\\View\\FileViewFinder::__construct(): Argument #2 ($paths) must be of type array, null given, called in C:\\Users\\Arabin\\Desktop\\Projects\\My Project\\task\\task1-multi-login-sso\\ecommerce-app\\vendor\\laravel\\framework\\src\\Illuminate\\View\\ViewServiceProvider.php on line 85 at C:/Users/Arabin/Desktop/Projects/My Project/task/task1-multi-login-sso/ecommerce-app/vendor/laravel/framework/src/Illuminate/View/FileViewFinder.php:53)
[stacktrace]
#0 C:/Users/Arabin/Desktop/Projects/My Project/task/task1-multi-login-sso/ecommerce-app/vendor/laravel/framework/src/Illuminate/View/ViewServiceProvider.php(85): Illuminate/View/FileViewFinder->__construct(Object(Illuminate/Filesystem/Filesystem), NULL)
#1 C:/Users/Arabin/Desktop/Projects/My Project/task/task1-multi-login-sso/ecommerce-app/vendor/laravel/framework/src/Illuminate/Container/Container.php(908): Illuminate/View/ViewServiceProvider->Illuminate/View/{closure}(Object(Illuminate/Foundation/Application), Array)
#2 C:/Users/Arabin/Desktop/Projects/My Project/task/task1-multi-login-sso/ecommerce-app/vendor/laravel/framework/src/Illuminate/Container/Container.php(795): Illuminate/Container/Container->build(Object(Closure))
#3 C:/Users/Arabin/Desktop/Projects/My Project/task/task1-multi-login-sso/ecommerce-app/vendor/laravel/framework/src/Illuminate/Foundation/Application.php(986): Illuminate/Container/Container->resolve('view.finder', Array, true)
#4 C:/Users/Arabin/Desktop/Projects/My Project/task/task1-multi-login-sso/ecommerce-app/vendor/laravel/framework/src/Illuminate/Container/Container.php(731): Illuminate/Foundation/Application->resolve('view.finder', Array)
#5 C:/Users/Arabin/Desktop/Projects/My Project/task/task1-multi-login-sso/ecommerce-app/vendor/laravel/framework/src/Illuminate/Foundation/Application.php(971): Illuminate/Container/Container->make('view.finder', Array)
#6 C:/Users/Arabin/Desktop/Projects/My Project/task/task1-multi-login-sso/ecommerce-app/vendor/laravel/framework/src/Illuminate/Container/Container.php(1454): Illuminate/Foundation/Application->make('view.finder')
#7 C:/Users/Arabin/Desktop/Projects/My Project/task/task1-multi-login-sso/ecommerce-app/vendor/laravel/framework/src/Illuminate/View/ViewServiceProvider.php(45): Illuminate/Container/Container->offsetGet('view.finder')
#8 C:/Users/Arabin/Desktop/Projects/My Project/task/task1-multi-login-sso/ecommerce-app/vendor/laravel/framework/src/Illuminate/Container/Container.php(908): Illuminate/View/ViewServiceProvider->Illuminate/View/{closure}(Object(Illuminate/Foundation/Application), Array)
#9 C:/Users/Arabin/Desktop/Projects/My Project/task/task1-multi-login-sso/ecommerce-app/vendor/laravel/framework/src/Illuminate/Container/Container.php(795): Illuminate/Container/Container->build(Object(Closure))
#10 C:/Users/Arabin/Desktop/Projects/My Project/task/task1-multi-login-sso/ecommerce-app/vendor/laravel/framework/src/Illuminate/Foundation/Application.php(986): Illuminate/Container/Container->resolve('view', Array, true)
#11 C:/Users/Arabin/Desktop/Projects/My Project/task/task1-multi-login-sso/ecommerce-app/vendor/laravel/framework/src/Illuminate/Container/Container.php(731): Illuminate/Foundation/Application->resolve('view', Array)
#12 C:/Users/Arabin/Desktop/Projects/My Project/task/task1-multi-login-sso/ecommerce-app/vendor/laravel/framework/src/Illuminate/Foundation/Application.php(971): Illuminate/Container/Container->make('view', Array)
#13 C:/Users/Arabin/Desktop/Projects/My Project/task/task1-multi-login-sso/ecommerce-app/vendor/laravel/framework/src/Illuminate/Container/Container.php(1454): Illuminate/Foundation/Application->make('view')
#14 C:/Users/Arabin/Desktop/Projects/My Project/task/task1-multi-login-sso/ecommerce-app/vendor/laravel/framework/src/Illuminate/Support/Facades/Facade.php(237): Illuminate/Container/Container->offsetGet('view')
#15 C:/Users/Arabin/Desktop/Projects/My Project/task/task1-multi-login-sso/ecommerce-app/vendor/laravel/framework/src/Illuminate/Support/Facades/Facade.php(208): Illuminate/Support/Facades/Facade::resolveFacadeInstance('view')
#16 C:/Users/Arabin/Desktop/Projects/My Project/task/task1-multi-login-sso/ecommerce-app/vendor/laravel/framework/src/Illuminate/Support/Facades/Facade.php(349): Illuminate/Support/Facades/Facade::getFacadeRoot()
#17 C:/Users/Arabin/Desktop/Projects/My Project/task/task1-multi-login-sso/ecommerce-app/vendor/laravel/framework/src/Illuminate/Foundation/Exceptions/RegisterErrorViewPaths.php(16): Illuminate/Support/Facades/Facade::__callStatic('replaceNamespac...', Array)
#18 C:/Users/Arabin/Desktop/Projects/My Project/task/task1-multi-login-sso/ecommerce-app/vendor/laravel/framework/src/Illuminate/Foundation/Exceptions/Handler.php(744): Illuminate/Foundation/Exceptions/RegisterErrorViewPaths->__invoke()
#19 C:/Users/Arabin/Desktop/Projects/My Project/task/task1-multi-login-sso/ecommerce-app/vendor/laravel/framework/src/Illuminate/Foundation/Exceptions/Handler.php(719): Illuminate/Foundation/Exceptions/Handler->registerErrorViewPaths()
#20 C:/Users/Arabin/Desktop/Projects/My Project/task/task1-multi-login-sso/ecommerce-app/vendor/laravel/framework/src/Illuminate/Foundation/Exceptions/Handler.php(650): Illuminate/Foundation/Exceptions/Handler->renderHttpException(Object(Symfony/Component/HttpKernel/Exception/NotFoundHttpException))
#21 C:/Users/Arabin/Desktop/Projects/My Project/task/task1-multi-login-sso/ecommerce-app/vendor/laravel/framework/src/Illuminate/Foundation/Exceptions/Handler.php(556): Illuminate/Foundation/Exceptions/Handler->prepareResponse(Object(Illuminate/Http/Request), Object(Symfony/Component/HttpKernel/Exception/NotFoundHttpException))
#22 C:/Users/Arabin/Desktop/Projects/My Project/task/task1-multi-login-sso/ecommerce-app/vendor/laravel/framework/src/Illuminate/Foundation/Exceptions/Handler.php(473): Illuminate/Foundation/Exceptions/Handler->renderExceptionResponse(Object(Illuminate/Http/Request), Object(Symfony/Component/HttpKernel/Exception/NotFoundHttpException))
#23 C:/Users/Arabin/Desktop/Projects/My Project/task/task1-multi-login-sso/ecommerce-app/vendor/laravel/framework/src/Illuminate/Routing/Pipeline.php(51): Illuminate/Foundation/Exceptions/Handler->render(Object(Illuminate/Http/Request), Object(Symfony/Component/HttpKernel/Exception/NotFoundHttpException))
#24 C:/Users/Arabin/Desktop/Projects/My Project/task/task1-multi-login-sso/ecommerce-app/vendor/laravel/framework/src/Illuminate/Pipeline/Pipeline.php(146): Illuminate/Routing/Pipeline->handleException(Object(Illuminate/Http/Request), Object(Symfony/Component/HttpKernel/Exception/NotFoundHttpException))
#25 C:/Users/Arabin/Desktop/Projects/My Project/task/task1-multi-login-sso/ecommerce-app/vendor/laravel/framework/src/Illuminate/Foundation/Http/Middleware/TransformsRequest.php(21): Illuminate/Pipeline/Pipeline->Illuminate/Pipeline/{closure}(Object(Illuminate/Http/Request))
#26 C:/Users/Arabin/Desktop/Projects/My Project/task/task1-multi-login-sso/ecommerce-app/vendor/laravel/framework/src/Illuminate/Foundation/Http/Middleware/ConvertEmptyStringsToNull.php(31): Illuminate/Foundation/Http/Middleware/TransformsRequest->handle(Object(Illuminate/Http/Request), Object(Closure))
#27 C:/Users/Arabin/Desktop/Projects/My Project/task/task1-multi-login-sso/ecommerce-app/vendor/laravel/framework/src/Illuminate/Pipeline/Pipeline.php(183): Illuminate/Foundation/Http/Middleware/ConvertEmptyStringsToNull->handle(Object(Illuminate/Http/Request), Object(Closure))
#28 C:/Users/Arabin/Desktop/Projects/My Project/task/task1-multi-login-sso/ecommerce-app/vendor/laravel/framework/src/Illuminate/Foundation/Http/Middleware/TransformsRequest.php(21): Illuminate/Pipeline/Pipeline->Illuminate/Pipeline/{closure}(Object(Illuminate/Http/Request))
#29 C:/Users/Arabin/Desktop/Projects/My Project/task/task1-multi-login-sso/ecommerce-app/vendor/laravel/framework/src/Illuminate/Foundation/Http/Middleware/TrimStrings.php(40): Illuminate/Foundation/Http/Middleware/TransformsRequest->handle(Object(Illuminate/Http/Request), Object(Closure))
#30 C:/Users/Arabin/Desktop/Projects/My Project/task/task1-multi-login-sso/ecommerce-app/vendor/laravel/framework/src/Illuminate/Pipeline/Pipeline.php(183): Illuminate/Foundation/Http/Middleware/TrimStrings->handle(Object(Illuminate/Http/Request), Object(Closure))
#31 C:/Users/Arabin/Desktop/Projects/My Project/task/task1-multi-login-sso/ecommerce-app/vendor/laravel/framework/src/Illuminate/Foundation/Http/Middleware/ValidatePostSize.php(27): Illuminate/Pipeline/Pipeline->Illuminate/Pipeline/{closure}(Object(Illuminate/Http/Request))
#32 C:/Users/Arabin/Desktop/Projects/My Project/task/task1-multi-login-sso/ecommerce-app/vendor/laravel/framework/src/Illuminate/Pipeline/Pipeline.php(183): Illuminate/Foundation/Http/Middleware/ValidatePostSize->handle(Object(Illuminate/Http/Request), Object(Closure))
#33 C:/Users/Arabin/Desktop/Projects/My Project/task/task1-multi-login-sso/ecommerce-app/vendor/laravel/framework/src/Illuminate/Foundation/Http/Middleware/PreventRequestsDuringMaintenance.php(99): Illuminate/Pipeline/Pipeline->Illuminate/Pipeline/{closure}(Object(Illuminate/Http/Request))
#34 C:/Users/Arabin/Desktop/Projects/My Project/task/task1-multi-login-sso/ecommerce-app/vendor/laravel/framework/src/Illuminate/Pipeline/Pipeline.php(183): Illuminate/Foundation/Http/Middleware/PreventRequestsDuringMaintenance->handle(Object(Illuminate/Http/Request), Object(Closure))
#35 C:/Users/Arabin/Desktop/Projects/My Project/task/task1-multi-login-sso/ecommerce-app/vendor/laravel/framework/src/Illuminate/Http/Middleware/HandleCors.php(49): Illuminate/Pipeline/Pipeline->Illuminate/Pipeline/{closure}(Object(Illuminate/Http/Request))
#36 C:/Users/Arabin/Desktop/Projects/My Project/task/task1-multi-login-sso/ecommerce-app/vendor/laravel/framework/src/Illuminate/Pipeline/Pipeline.php(183): Illuminate/Http/Middleware/HandleCors->handle(Object(Illuminate/Http/Request), Object(Closure))
#37 C:/Users/Arabin/Desktop/Projects/My Project/task/task1-multi-login-sso/ecommerce-app/vendor/laravel/framework/src/Illuminate/Http/Middleware/TrustProxies.php(39): Illuminate/Pipeline/Pipeline->Illuminate/Pipeline/{closure}(Object(Illuminate/Http/Request))
#38 C:/Users/Arabin/Desktop/Projects/My Project/task/task1-multi-login-sso/ecommerce-app/vendor/laravel/framework/src/Illuminate/Pipeline/Pipeline.php(183): Illuminate/Http/Middleware/TrustProxies->handle(Object(Illuminate/Http/Request), Object(Closure))
#39 C:/Users/Arabin/Desktop/Projects/My Project/task/task1-multi-login-sso/ecommerce-app/vendor/laravel/framework/src/Illuminate/Pipeline/Pipeline.php(119): Illuminate/Pipeline/Pipeline->Illuminate/Pipeline/{closure}(Object(Illuminate/Http/Request))
#40 C:/Users/Arabin/Desktop/Projects/My Project/task/task1-multi-login-sso/ecommerce-app/vendor/laravel/framework/src/Illuminate/Foundation/Http/Kernel.php(175): Illuminate/Pipeline/Pipeline->then(Object(Closure))
#41 C:/Users/Arabin/Desktop/Projects/My Project/task/task1-multi-login-sso/ecommerce-app/vendor/laravel/framework/src/Illuminate/Foundation/Http/Kernel.php(144): Illuminate/Foundation/Http/Kernel->sendRequestThroughRouter(Object(Illuminate/Http/Request))
#42 C:/Users/Arabin/Desktop/Projects/My Project/task/task1-multi-login-sso/ecommerce-app/public/index.php(36): Illuminate/Foundation/Http/Kernel->handle(Object(Illuminate/Http/Request))
#43 C:/Users/Arabin/Desktop/Projects/My Project/task/task1-multi-login-sso/ecommerce-app/vendor/laravel/framework/src/Illuminate/Foundation/resources/server.php(16): require_once('C://Users//Arabin...')
#44 {main}
"} 
[2026-02-24 20:01:15] local.ERROR: SQLSTATE[HY000] [1049] Unknown database 'ecommerce_db' (Connection: mysql, SQL: select table_name as `name`, (data_length + index_length) as `size`, table_comment as `comment`, engine as `engine`, table_collation as `collation` from information_schema.tables where table_schema = 'ecommerce_db' and table_type in ('BASE TABLE', 'SYSTEM VERSIONED') order by table_name) {"exception":"[object] (Illuminate\\Database\\QueryException(code: 1049): SQLSTATE[HY000] [1049] Unknown database 'ecommerce_db' (Connection: mysql, SQL: select table_name as `name`, (data_length + index_length) as `size`, table_comment as `comment`, engine as `engine`, table_collation as `collation` from information_schema.tables where table_schema = 'ecommerce_db' and table_type in ('BASE TABLE', 'SYSTEM VERSIONED') order by table_name) at C:/Users/Arabin/Desktop/Projects/My Project/task/task1-multi-login-sso/ecommerce-app/vendor/laravel/framework/src/Illuminate/Database/Connection.php:829)
[stacktrace]
#0 C:/Users/Arabin/Desktop/Projects/My Project/task/task1-multi-login-sso/ecommerce-app/vendor/laravel/framework/src/Illuminate/Database/Connection.php(783): Illuminate/Database/Connection->runQueryCallback('select table_na...', Array, Object(Closure))
#1 C:/Users/Arabin/Desktop/Projects/My Project/task/task1-multi-login-sso/ecommerce-app/vendor/laravel/framework/src/Illuminate/Database/Connection.php(414): Illuminate/Database/Connection->run('select table_na...', Array, Object(Closure))
#2 C:/Users/Arabin/Desktop/Projects/My Project/task/task1-multi-login-sso/ecommerce-app/vendor/laravel/framework/src/Illuminate/Database/Connection.php(401): Illuminate/Database/Connection->select('select table_na...', Array, false)
#3 C:/Users/Arabin/Desktop/Projects/My Project/task/task1-multi-login-sso/ecommerce-app/vendor/laravel/framework/src/Illuminate/Database/Schema/MySqlBuilder.php(41): Illuminate/Database/Connection->selectFromWriteConnection('select table_na...')
#4 C:/Users/Arabin/Desktop/Projects/My Project/task/task1-multi-login-sso/ecommerce-app/vendor/laravel/framework/src/Illuminate/Database/Schema/MySqlBuilder.php(147): Illuminate/Database/Schema/MySqlBuilder->getTables()
#5 C:/Users/Arabin/Desktop/Projects/My Project/task/task1-multi-login-sso/ecommerce-app/vendor/laravel/framework/src/Illuminate/Database/Console/WipeCommand.php(71): Illuminate/Database/Schema/MySqlBuilder->dropAllTables()
#6 C:/Users/Arabin/Desktop/Projects/My Project/task/task1-multi-login-sso/ecommerce-app/vendor/laravel/framework/src/Illuminate/Database/Console/WipeCommand.php(48): Illuminate/Database/Console/WipeCommand->dropAllTables(NULL)
#7 C:/Users/Arabin/Desktop/Projects/My Project/task/task1-multi-login-sso/ecommerce-app/vendor/laravel/framework/src/Illuminate/Container/BoundMethod.php(36): Illuminate/Database/Console/WipeCommand->handle()
#8 C:/Users/Arabin/Desktop/Projects/My Project/task/task1-multi-login-sso/ecommerce-app/vendor/laravel/framework/src/Illuminate/Container/Util.php(41): Illuminate/Container/BoundMethod::Illuminate/Container/{closure}()
#9 C:/Users/Arabin/Desktop/Projects/My Project/task/task1-multi-login-sso/ecommerce-app/vendor/laravel/framework/src/Illuminate/Container/BoundMethod.php(93): Illuminate/Container/Util::unwrapIfClosure(Object(Closure))
#10 C:/Users/Arabin/Desktop/Projects/My Project/task/task1-multi-login-sso/ecommerce-app/vendor/laravel/framework/src/Illuminate/Container/BoundMethod.php(35): Illuminate/Container/BoundMethod::callBoundMethod(Object(Illuminate/Foundation/Application), Array, Object(Closure))
#11 C:/Users/Arabin/Desktop/Projects/My Project/task/task1-multi-login-sso/ecommerce-app/vendor/laravel/framework/src/Illuminate/Container/Container.php(662): Illuminate/Container/BoundMethod::call(Object(Illuminate/Foundation/Application), Array, Array, NULL)
#12 C:/Users/Arabin/Desktop/Projects/My Project/task/task1-multi-login-sso/ecommerce-app/vendor/laravel/framework/src/Illuminate/Console/Command.php(211): Illuminate/Container/Container->call(Array)
#13 C:/Users/Arabin/Desktop/Projects/My Project/task/task1-multi-login-sso/ecommerce-app/vendor/symfony/console/Command/Command.php(326): Illuminate/Console/Command->execute(Object(Symfony/Component/Console/Input/ArrayInput), Object(Illuminate/Console/OutputStyle))
#14 C:/Users/Arabin/Desktop/Projects/My Project/task/task1-multi-login-sso/ecommerce-app/vendor/laravel/framework/src/Illuminate/Console/Command.php(180): Symfony/Component/Console/Command/Command->run(Object(Symfony/Component/Console/Input/ArrayInput), Object(Illuminate/Console/OutputStyle))
#15 C:/Users/Arabin/Desktop/Projects/My Project/task/task1-multi-login-sso/ecommerce-app/vendor/laravel/framework/src/Illuminate/Console/Concerns/CallsCommands.php(67): Illuminate/Console/Command->run(Object(Symfony/Component/Console/Input/ArrayInput), Object(Symfony/Component/Console/Output/NullOutput))
#16 C:/Users/Arabin/Desktop/Projects/My Project/task/task1-multi-login-sso/ecommerce-app/vendor/laravel/framework/src/Illuminate/Console/Concerns/CallsCommands.php(40): Illuminate/Console/Command->runCommand('db:wipe', Array, Object(Symfony/Component/Console/Output/NullOutput))
#17 C:/Users/Arabin/Desktop/Projects/My Project/task/task1-multi-login-sso/ecommerce-app/vendor/laravel/framework/src/Illuminate/Database/Console/Migrations/FreshCommand.php(44): Illuminate/Console/Command->callSilent('db:wipe', Array)
#18 C:/Users/Arabin/Desktop/Projects/My Project/task/task1-multi-login-sso/ecommerce-app/vendor/laravel/framework/src/Illuminate/Console/View/Components/Task.php(37): Illuminate/Database/Console/Migrations/FreshCommand->Illuminate/Database/Console/Migrations/{closure}()
#19 C:/Users/Arabin/Desktop/Projects/My Project/task/task1-multi-login-sso/ecommerce-app/vendor/laravel/framework/src/Illuminate/Console/View/Components/Factory.php(58): Illuminate/Console/View/Components/Task->render('Dropping all ta...', Object(Closure))
#20 C:/Users/Arabin/Desktop/Projects/My Project/task/task1-multi-login-sso/ecommerce-app/vendor/laravel/framework/src/Illuminate/Database/Console/Migrations/FreshCommand.php(44): Illuminate/Console/View/Components/Factory->__call('task', Array)
#21 C:/Users/Arabin/Desktop/Projects/My Project/task/task1-multi-login-sso/ecommerce-app/vendor/laravel/framework/src/Illuminate/Container/BoundMethod.php(36): Illuminate/Database/Console/Migrations/FreshCommand->handle()
#22 C:/Users/Arabin/Desktop/Projects/My Project/task/task1-multi-login-sso/ecommerce-app/vendor/laravel/framework/src/Illuminate/Container/Util.php(41): Illuminate/Container/BoundMethod::Illuminate/Container/{closure}()
#23 C:/Users/Arabin/Desktop/Projects/My Project/task/task1-multi-login-sso/ecommerce-app/vendor/laravel/framework/src/Illuminate/Container/BoundMethod.php(93): Illuminate/Container/Util::unwrapIfClosure(Object(Closure))
#24 C:/Users/Arabin/Desktop/Projects/My Project/task/task1-multi-login-sso/ecommerce-app/vendor/laravel/framework/src/Illuminate/Container/BoundMethod.php(35): Illuminate/Container/BoundMethod::callBoundMethod(Object(Illuminate/Foundation/Application), Array, Object(Closure))
#25 C:/Users/Arabin/Desktop/Projects/My Project/task/task1-multi-login-sso/ecommerce-app/vendor/laravel/framework/src/Illuminate/Container/Container.php(662): Illuminate/Container/BoundMethod::call(Object(Illuminate/Foundation/Application), Array, Array, NULL)
#26 C:/Users/Arabin/Desktop/Projects/My Project/task/task1-multi-login-sso/ecommerce-app/vendor/laravel/framework/src/Illuminate/Console/Command.php(211): Illuminate/Container/Container->call(Array)
#27 C:/Users/Arabin/Desktop/Projects/My Project/task/task1-multi-login-sso/ecommerce-app/vendor/symfony/console/Command/Command.php(326): Illuminate/Console/Command->execute(Object(Symfony/Component/Console/Input/ArgvInput), Object(Illuminate/Console/OutputStyle))
#28 C:/Users/Arabin/Desktop/Projects/My Project/task/task1-multi-login-sso/ecommerce-app/vendor/laravel/framework/src/Illuminate/Console/Command.php(180): Symfony/Component/Console/Command/Command->run(Object(Symfony/Component/Console/Input/ArgvInput), Object(Illuminate/Console/OutputStyle))
#29 C:/Users/Arabin/Desktop/Projects/My Project/task/task1-multi-login-sso/ecommerce-app/vendor/symfony/console/Application.php(1106): Illuminate/Console/Command->run(Object(Symfony/Component/Console/Input/ArgvInput), Object(Symfony/Component/Console/Output/ConsoleOutput))
#30 C:/Users/Arabin/Desktop/Projects/My Project/task/task1-multi-login-sso/ecommerce-app/vendor/symfony/console/Application.php(324): Symfony/Component/Console/Application->doRunCommand(Object(Illuminate/Database/Console/Migrations/FreshCommand), Object(Symfony/Component/Console/Input/ArgvInput), Object(Symfony/Component/Console/Output/ConsoleOutput))
#31 C:/Users/Arabin/Desktop/Projects/My Project/task/task1-multi-login-sso/ecommerce-app/vendor/symfony/console/Application.php(175): Symfony/Component/Console/Application->doRun(Object(Symfony/Component/Console/Input/ArgvInput), Object(Symfony/Component/Console/Output/ConsoleOutput))
#32 C:/Users/Arabin/Desktop/Projects/My Project/task/task1-multi-login-sso/ecommerce-app/vendor/laravel/framework/src/Illuminate/Foundation/Console/Kernel.php(201): Symfony/Component/Console/Application->run(Object(Symfony/Component/Console/Input/ArgvInput), Object(Symfony/Component/Console/Output/ConsoleOutput))
#33 C:/Users/Arabin/Desktop/Projects/My Project/task/task1-multi-login-sso/ecommerce-app/artisan(24): Illuminate/Foundation/Console/Kernel->handle(Object(Symfony/Component/Console/Input/ArgvInput), Object(Symfony/Component/Console/Output/ConsoleOutput))
#34 {main}

[previous exception] [object] (PDOException(code: 1049): SQLSTATE[HY000] [1049] Unknown database 'ecommerce_db' at C:/Users/Arabin/Desktop/Projects/My Project/task/task1-multi-login-sso/ecommerce-app/vendor/laravel/framework/src/Illuminate/Database/Connectors/Connector.php:65)
[stacktrace]
#0 C:/Users/Arabin/Desktop/Projects/My Project/task/task1-multi-login-sso/ecommerce-app/vendor/laravel/framework/src/Illuminate/Database/Connectors/Connector.php(65): PDO->__construct('mysql:host=127....', 'root', Object(SensitiveParameterValue), Array)
#1 C:/Users/Arabin/Desktop/Projects/My Project/task/task1-multi-login-sso/ecommerce-app/vendor/laravel/framework/src/Illuminate/Database/Connectors/Connector.php(44): Illuminate/Database/Connectors/Connector->createPdoConnection('mysql:host=127....', 'root', '', Array)
#2 C:/Users/Arabin/Desktop/Projects/My Project/task/task1-multi-login-sso/ecommerce-app/vendor/laravel/framework/src/Illuminate/Database/Connectors/MySqlConnector.php(24): Illuminate/Database/Connectors/Connector->createConnection('mysql:host=127....', Array, Array)
#3 C:/Users/Arabin/Desktop/Projects/My Project/task/task1-multi-login-sso/ecommerce-app/vendor/laravel/framework/src/Illuminate/Database/Connectors/ConnectionFactory.php(184): Illuminate/Database/Connectors/MySqlConnector->connect(Array)
#4 [internal function]: Illuminate/Database/Connectors/ConnectionFactory->Illuminate/Database/Connectors/{closure}()
#5 C:/Users/Arabin/Desktop/Projects/My Project/task/task1-multi-login-sso/ecommerce-app/vendor/laravel/framework/src/Illuminate/Database/Connection.php(1339): call_user_func(Object(Closure))
#6 C:/Users/Arabin/Desktop/Projects/My Project/task/task1-multi-login-sso/ecommerce-app/vendor/laravel/framework/src/Illuminate/Database/Connection.php(528): Illuminate/Database/Connection->getPdo()
#7 C:/Users/Arabin/Desktop/Projects/My Project/task/task1-multi-login-sso/ecommerce-app/vendor/laravel/framework/src/Illuminate/Database/Connection.php(423): Illuminate/Database/Connection->getPdoForSelect(false)
#8 C:/Users/Arabin/Desktop/Projects/My Project/task/task1-multi-login-sso/ecommerce-app/vendor/laravel/framework/src/Illuminate/Database/Connection.php(816): Illuminate/Database/Connection->Illuminate/Database/{closure}('select table_na...', Array)
#9 C:/Users/Arabin/Desktop/Projects/My Project/task/task1-multi-login-sso/ecommerce-app/vendor/laravel/framework/src/Illuminate/Database/Connection.php(783): Illuminate/Database/Connection->runQueryCallback('select table_na...', Array, Object(Closure))
#10 C:/Users/Arabin/Desktop/Projects/My Project/task/task1-multi-login-sso/ecommerce-app/vendor/laravel/framework/src/Illuminate/Database/Connection.php(414): Illuminate/Database/Connection->run('select table_na...', Array, Object(Closure))
#11 C:/Users/Arabin/Desktop/Projects/My Project/task/task1-multi-login-sso/ecommerce-app/vendor/laravel/framework/src/Illuminate/Database/Connection.php(401): Illuminate/Database/Connection->select('select table_na...', Array, false)
#12 C:/Users/Arabin/Desktop/Projects/My Project/task/task1-multi-login-sso/ecommerce-app/vendor/laravel/framework/src/Illuminate/Database/Schema/MySqlBuilder.php(41): Illuminate/Database/Connection->selectFromWriteConnection('select table_na...')
#13 C:/Users/Arabin/Desktop/Projects/My Project/task/task1-multi-login-sso/ecommerce-app/vendor/laravel/framework/src/Illuminate/Database/Schema/MySqlBuilder.php(147): Illuminate/Database/Schema/MySqlBuilder->getTables()
#14 C:/Users/Arabin/Desktop/Projects/My Project/task/task1-multi-login-sso/ecommerce-app/vendor/laravel/framework/src/Illuminate/Database/Console/WipeCommand.php(71): Illuminate/Database/Schema/MySqlBuilder->dropAllTables()
#15 C:/Users/Arabin/Desktop/Projects/My Project/task/task1-multi-login-sso/ecommerce-app/vendor/laravel/framework/src/Illuminate/Database/Console/WipeCommand.php(48): Illuminate/Database/Console/WipeCommand->dropAllTables(NULL)
#16 C:/Users/Arabin/Desktop/Projects/My Project/task/task1-multi-login-sso/ecommerce-app/vendor/laravel/framework/src/Illuminate/Container/BoundMethod.php(36): Illuminate/Database/Console/WipeCommand->handle()
#17 C:/Users/Arabin/Desktop/Projects/My Project/task/task1-multi-login-sso/ecommerce-app/vendor/laravel/framework/src/Illuminate/Container/Util.php(41): Illuminate/Container/BoundMethod::Illuminate/Container/{closure}()
#18 C:/Users/Arabin/Desktop/Projects/My Project/task/task1-multi-login-sso/ecommerce-app/vendor/laravel/framework/src/Illuminate/Container/BoundMethod.php(93): Illuminate/Container/Util::unwrapIfClosure(Object(Closure))
#19 C:/Users/Arabin/Desktop/Projects/My Project/task/task1-multi-login-sso/ecommerce-app/vendor/laravel/framework/src/Illuminate/Container/BoundMethod.php(35): Illuminate/Container/BoundMethod::callBoundMethod(Object(Illuminate/Foundation/Application), Array, Object(Closure))
#20 C:/Users/Arabin/Desktop/Projects/My Project/task/task1-multi-login-sso/ecommerce-app/vendor/laravel/framework/src/Illuminate/Container/Container.php(662): Illuminate/Container/BoundMethod::call(Object(Illuminate/Foundation/Application), Array, Array, NULL)
#21 C:/Users/Arabin/Desktop/Projects/My Project/task/task1-multi-login-sso/ecommerce-app/vendor/laravel/framework/src/Illuminate/Console/Command.php(211): Illuminate/Container/Container->call(Array)
#22 C:/Users/Arabin/Desktop/Projects/My Project/task/task1-multi-login-sso/ecommerce-app/vendor/symfony/console/Command/Command.php(326): Illuminate/Console/Command->execute(Object(Symfony/Component/Console/Input/ArrayInput), Object(Illuminate/Console/OutputStyle))
#23 C:/Users/Arabin/Desktop/Projects/My Project/task/task1-multi-login-sso/ecommerce-app/vendor/laravel/framework/src/Illuminate/Console/Command.php(180): Symfony/Component/Console/Command/Command->run(Object(Symfony/Component/Console/Input/ArrayInput), Object(Illuminate/Console/OutputStyle))
#24 C:/Users/Arabin/Desktop/Projects/My Project/task/task1-multi-login-sso/ecommerce-app/vendor/laravel/framework/src/Illuminate/Console/Concerns/CallsCommands.php(67): Illuminate/Console/Command->run(Object(Symfony/Component/Console/Input/ArrayInput), Object(Symfony/Component/Console/Output/NullOutput))
#25 C:/Users/Arabin/Desktop/Projects/My Project/task/task1-multi-login-sso/ecommerce-app/vendor/laravel/framework/src/Illuminate/Console/Concerns/CallsCommands.php(40): Illuminate/Console/Command->runCommand('db:wipe', Array, Object(Symfony/Component/Console/Output/NullOutput))
#26 C:/Users/Arabin/Desktop/Projects/My Project/task/task1-multi-login-sso/ecommerce-app/vendor/laravel/framework/src/Illuminate/Database/Console/Migrations/FreshCommand.php(44): Illuminate/Console/Command->callSilent('db:wipe', Array)
#27 C:/Users/Arabin/Desktop/Projects/My Project/task/task1-multi-login-sso/ecommerce-app/vendor/laravel/framework/src/Illuminate/Console/View/Components/Task.php(37): Illuminate/Database/Console/Migrations/FreshCommand->Illuminate/Database/Console/Migrations/{closure}()
#28 C:/Users/Arabin/Desktop/Projects/My Project/task/task1-multi-login-sso/ecommerce-app/vendor/laravel/framework/src/Illuminate/Console/View/Components/Factory.php(58): Illuminate/Console/View/Components/Task->render('Dropping all ta...', Object(Closure))
#29 C:/Users/Arabin/Desktop/Projects/My Project/task/task1-multi-login-sso/ecommerce-app/vendor/laravel/framework/src/Illuminate/Database/Console/Migrations/FreshCommand.php(44): Illuminate/Console/View/Components/Factory->__call('task', Array)
#30 C:/Users/Arabin/Desktop/Projects/My Project/task/task1-multi-login-sso/ecommerce-app/vendor/laravel/framework/src/Illuminate/Container/BoundMethod.php(36): Illuminate/Database/Console/Migrations/FreshCommand->handle()
#31 C:/Users/Arabin/Desktop/Projects/My Project/task/task1-multi-login-sso/ecommerce-app/vendor/laravel/framework/src/Illuminate/Container/Util.php(41): Illuminate/Container/BoundMethod::Illuminate/Container/{closure}()
#32 C:/Users/Arabin/Desktop/Projects/My Project/task/task1-multi-login-sso/ecommerce-app/vendor/laravel/framework/src/Illuminate/Container/BoundMethod.php(93): Illuminate/Container/Util::unwrapIfClosure(Object(Closure))
#33 C:/Users/Arabin/Desktop/Projects/My Project/task/task1-multi-login-sso/ecommerce-app/vendor/laravel/framework/src/Illuminate/Container/BoundMethod.php(35): Illuminate/Container/BoundMethod::callBoundMethod(Object(Illuminate/Foundation/Application), Array, Object(Closure))
#34 C:/Users/Arabin/Desktop/Projects/My Project/task/task1-multi-login-sso/ecommerce-app/vendor/laravel/framework/src/Illuminate/Container/Container.php(662): Illuminate/Container/BoundMethod::call(Object(Illuminate/Foundation/Application), Array, Array, NULL)
#35 C:/Users/Arabin/Desktop/Projects/My Project/task/task1-multi-login-sso/ecommerce-app/vendor/laravel/framework/src/Illuminate/Console/Command.php(211): Illuminate/Container/Container->call(Array)
#36 C:/Users/Arabin/Desktop/Projects/My Project/task/task1-multi-login-sso/ecommerce-app/vendor/symfony/console/Command/Command.php(326): Illuminate/Console/Command->execute(Object(Symfony/Component/Console/Input/ArgvInput), Object(Illuminate/Console/OutputStyle))
#37 C:/Users/Arabin/Desktop/Projects/My Project/task/task1-multi-login-sso/ecommerce-app/vendor/laravel/framework/src/Illuminate/Console/Command.php(180): Symfony/Component/Console/Command/Command->run(Object(Symfony/Component/Console/Input/ArgvInput), Object(Illuminate/Console/OutputStyle))
#38 C:/Users/Arabin/Desktop/Projects/My Project/task/task1-multi-login-sso/ecommerce-app/vendor/symfony/console/Application.php(1106): Illuminate/Console/Command->run(Object(Symfony/Component/Console/Input/ArgvInput), Object(Symfony/Component/Console/Output/ConsoleOutput))
#39 C:/Users/Arabin/Desktop/Projects/My Project/task/task1-multi-login-sso/ecommerce-app/vendor/symfony/console/Application.php(324): Symfony/Component/Console/Application->doRunCommand(Object(Illuminate/Database/Console/Migrations/FreshCommand), Object(Symfony/Component/Console/Input/ArgvInput), Object(Symfony/Component/Console/Output/ConsoleOutput))
#40 C:/Users/Arabin/Desktop/Projects/My Project/task/task1-multi-login-sso/ecommerce-app/vendor/symfony/console/Application.php(175): Symfony/Component/Console/Application->doRun(Object(Symfony/Component/Console/Input/ArgvInput), Object(Symfony/Component/Console/Output/ConsoleOutput))
#41 C:/Users/Arabin/Desktop/Projects/My Project/task/task1-multi-login-sso/ecommerce-app/vendor/laravel/framework/src/Illuminate/Foundation/Console/Kernel.php(201): Symfony/Component/Console/Application->run(Object(Symfony/Component/Console/Input/ArgvInput), Object(Symfony/Component/Console/Output/ConsoleOutput))
#42 C:/Users/Arabin/Desktop/Projects/My Project/task/task1-multi-login-sso/ecommerce-app/artisan(24): Illuminate/Foundation/Console/Kernel->handle(Object(Symfony/Component/Console/Input/ArgvInput), Object(Symfony/Component/Console/Output/ConsoleOutput))
#43 {main}
"} 
